<?xml version="1.0" encoding="UTF-8"?>
<!-- Generated by org.testng.reporters.JUnitReportReporter -->
<testsuite hostname="NIKHIL-PANDE" failures="0" tests="1" name="com.actitime.Generic._2_Baseclass" time="43.168" errors="0" timestamp="2022-11-30T13:03:00 IST" skipped="0">
  <testcase classname="com.actitime.Generic._2_Baseclass" name="createCustomer" time="43.168"/>
  <system-out>
    <![CDATA[Customer created]]>
  </system-out>
</testsuite> <!-- com.actitime.Generic._2_Baseclass -->
